{"/Users/rafael/projetos/pessoal/gb-fullstack-interview/api/controllers/accounts.js": {"path":"/Users/rafael/projetos/pessoal/gb-fullstack-interview/api/controllers/accounts.js","statementMap":{"0":{"start":{"line":1,"column":20},"end":{"line":1,"column":51}},"1":{"start":{"line":2,"column":16},"end":{"line":2,"column":46}},"2":{"start":{"line":3,"column":19},"end":{"line":3,"column":51}},"3":{"start":{"line":5,"column":0},"end":{"line":13,"column":2}},"4":{"start":{"line":6,"column":2},"end":{"line":6,"column":45}},"5":{"start":{"line":8,"column":2},"end":{"line":12,"column":3}},"6":{"start":{"line":9,"column":4},"end":{"line":9,"column":31}},"7":{"start":{"line":11,"column":4},"end":{"line":11,"column":34}}},"fnMap":{"0":{"name":"(anonymous_0)","decl":{"start":{"line":5,"column":21},"end":{"line":5,"column":22}},"loc":{"start":{"line":5,"column":57},"end":{"line":13,"column":1}},"line":5}},"branchMap":{},"s":{"0":1,"1":1,"2":1,"3":1,"4":1,"5":1,"6":1,"7":0},"f":{"0":1},"b":{},"_coverageSchema":"1a1c01bbd47fc00a2c39e90264f33305004495a9","hash":"04c7234042456c71a35b3d64c4f49ef41c2cb96c"}
,"/Users/rafael/projetos/pessoal/gb-fullstack-interview/api/controllers/customers.js": {"path":"/Users/rafael/projetos/pessoal/gb-fullstack-interview/api/controllers/customers.js","statementMap":{"0":{"start":{"line":1,"column":12},"end":{"line":1,"column":26}},"1":{"start":{"line":3,"column":20},"end":{"line":3,"column":52}},"2":{"start":{"line":4,"column":16},"end":{"line":4,"column":46}},"3":{"start":{"line":5,"column":19},"end":{"line":5,"column":51}},"4":{"start":{"line":7,"column":15},"end":{"line":11,"column":2}},"5":{"start":{"line":13,"column":0},"end":{"line":24,"column":2}},"6":{"start":{"line":14,"column":2},"end":{"line":14,"column":45}},"7":{"start":{"line":16,"column":2},"end":{"line":23,"column":3}},"8":{"start":{"line":17,"column":4},"end":{"line":17,"column":33}},"9":{"start":{"line":19,"column":23},"end":{"line":19,"column":39}},"10":{"start":{"line":20,"column":4},"end":{"line":20,"column":41}},"11":{"start":{"line":22,"column":4},"end":{"line":22,"column":34}},"12":{"start":{"line":26,"column":0},"end":{"line":34,"column":2}},"13":{"start":{"line":27,"column":2},"end":{"line":27,"column":45}},"14":{"start":{"line":29,"column":2},"end":{"line":33,"column":3}},"15":{"start":{"line":30,"column":4},"end":{"line":30,"column":32}},"16":{"start":{"line":32,"column":4},"end":{"line":32,"column":34}},"17":{"start":{"line":36,"column":0},"end":{"line":47,"column":2}},"18":{"start":{"line":37,"column":2},"end":{"line":37,"column":45}},"19":{"start":{"line":39,"column":2},"end":{"line":46,"column":3}},"20":{"start":{"line":40,"column":4},"end":{"line":40,"column":33}},"21":{"start":{"line":42,"column":23},"end":{"line":42,"column":39}},"22":{"start":{"line":43,"column":4},"end":{"line":43,"column":64}},"23":{"start":{"line":45,"column":4},"end":{"line":45,"column":34}}},"fnMap":{"0":{"name":"(anonymous_0)","decl":{"start":{"line":13,"column":21},"end":{"line":13,"column":22}},"loc":{"start":{"line":13,"column":57},"end":{"line":24,"column":1}},"line":13},"1":{"name":"(anonymous_1)","decl":{"start":{"line":26,"column":22},"end":{"line":26,"column":23}},"loc":{"start":{"line":26,"column":58},"end":{"line":34,"column":1}},"line":26},"2":{"name":"(anonymous_2)","decl":{"start":{"line":36,"column":44},"end":{"line":36,"column":45}},"loc":{"start":{"line":36,"column":80},"end":{"line":47,"column":1}},"line":36}},"branchMap":{},"s":{"0":1,"1":1,"2":1,"3":1,"4":1,"5":1,"6":1,"7":1,"8":1,"9":0,"10":0,"11":1,"12":1,"13":1,"14":1,"15":1,"16":0,"17":1,"18":1,"19":1,"20":1,"21":0,"22":0,"23":1},"f":{"0":1,"1":1,"2":1},"b":{},"_coverageSchema":"1a1c01bbd47fc00a2c39e90264f33305004495a9","hash":"b3ef938d369d4944124044852f612aed41d8f4fa"}
,"/Users/rafael/projetos/pessoal/gb-fullstack-interview/api/controllers/transfer.js": {"path":"/Users/rafael/projetos/pessoal/gb-fullstack-interview/api/controllers/transfer.js","statementMap":{"0":{"start":{"line":1,"column":12},"end":{"line":1,"column":26}},"1":{"start":{"line":3,"column":20},"end":{"line":3,"column":51}},"2":{"start":{"line":4,"column":16},"end":{"line":4,"column":46}},"3":{"start":{"line":5,"column":19},"end":{"line":5,"column":51}},"4":{"start":{"line":7,"column":21},"end":{"line":7,"column":33}},"5":{"start":{"line":9,"column":15},"end":{"line":15,"column":2}},"6":{"start":{"line":17,"column":0},"end":{"line":28,"column":2}},"7":{"start":{"line":18,"column":2},"end":{"line":18,"column":45}},"8":{"start":{"line":20,"column":2},"end":{"line":27,"column":3}},"9":{"start":{"line":21,"column":4},"end":{"line":21,"column":33}},"10":{"start":{"line":22,"column":17},"end":{"line":22,"column":77}},"11":{"start":{"line":24,"column":4},"end":{"line":24,"column":36}},"12":{"start":{"line":26,"column":4},"end":{"line":26,"column":34}}},"fnMap":{"0":{"name":"(anonymous_0)","decl":{"start":{"line":17,"column":22},"end":{"line":17,"column":23}},"loc":{"start":{"line":17,"column":58},"end":{"line":28,"column":1}},"line":17}},"branchMap":{"0":{"loc":{"start":{"line":22,"column":17},"end":{"line":22,"column":77}},"type":"cond-expr","locations":[{"start":{"line":22,"column":42},"end":{"line":22,"column":52}},{"start":{"line":22,"column":55},"end":{"line":22,"column":77}}],"line":22}},"s":{"0":1,"1":1,"2":1,"3":1,"4":1,"5":1,"6":1,"7":3,"8":3,"9":3,"10":1,"11":1,"12":2},"f":{"0":3},"b":{"0":[1,0]},"_coverageSchema":"1a1c01bbd47fc00a2c39e90264f33305004495a9","hash":"cbd0a2c59cfe8a3018b1e48628dff0a7a9fcdcde"}
,"/Users/rafael/projetos/pessoal/gb-fullstack-interview/api/services/accounts.js": {"path":"/Users/rafael/projetos/pessoal/gb-fullstack-interview/api/services/accounts.js","statementMap":{"0":{"start":{"line":1,"column":16},"end":{"line":1,"column":46}},"1":{"start":{"line":2,"column":19},"end":{"line":2,"column":51}},"2":{"start":{"line":4,"column":27},"end":{"line":4,"column":38}},"3":{"start":{"line":5,"column":26},"end":{"line":5,"column":55}},"4":{"start":{"line":7,"column":0},"end":{"line":12,"column":1}},"5":{"start":{"line":9,"column":21},"end":{"line":9,"column":99}},"6":{"start":{"line":10,"column":4},"end":{"line":10,"column":35}}},"fnMap":{"0":{"name":"(anonymous_0)","decl":{"start":{"line":8,"column":7},"end":{"line":8,"column":8}},"loc":{"start":{"line":8,"column":23},"end":{"line":11,"column":3}},"line":8}},"branchMap":{},"s":{"0":1,"1":1,"2":1,"3":1,"4":1,"5":1,"6":1},"f":{"0":1},"b":{},"_coverageSchema":"1a1c01bbd47fc00a2c39e90264f33305004495a9","hash":"b5e956accdeb47120b7c815e41dd87d6ecf2fafc"}
,"/Users/rafael/projetos/pessoal/gb-fullstack-interview/api/services/customers.js": {"path":"/Users/rafael/projetos/pessoal/gb-fullstack-interview/api/services/customers.js","statementMap":{"0":{"start":{"line":1,"column":16},"end":{"line":1,"column":46}},"1":{"start":{"line":2,"column":19},"end":{"line":2,"column":51}},"2":{"start":{"line":4,"column":22},"end":{"line":4,"column":33}},"3":{"start":{"line":6,"column":0},"end":{"line":20,"column":1}},"4":{"start":{"line":8,"column":21},"end":{"line":8,"column":71}},"5":{"start":{"line":9,"column":4},"end":{"line":9,"column":35}},"6":{"start":{"line":12,"column":21},"end":{"line":12,"column":52}},"7":{"start":{"line":13,"column":4},"end":{"line":13,"column":35}},"8":{"start":{"line":16,"column":36},"end":{"line":16,"column":102}},"9":{"start":{"line":18,"column":4},"end":{"line":18,"column":59}}},"fnMap":{"0":{"name":"(anonymous_0)","decl":{"start":{"line":7,"column":7},"end":{"line":7,"column":8}},"loc":{"start":{"line":7,"column":29},"end":{"line":10,"column":3}},"line":7},"1":{"name":"(anonymous_1)","decl":{"start":{"line":11,"column":8},"end":{"line":11,"column":9}},"loc":{"start":{"line":11,"column":20},"end":{"line":14,"column":3}},"line":11},"2":{"name":"(anonymous_2)","decl":{"start":{"line":15,"column":30},"end":{"line":15,"column":31}},"loc":{"start":{"line":15,"column":52},"end":{"line":19,"column":3}},"line":15}},"branchMap":{},"s":{"0":1,"1":1,"2":1,"3":1,"4":0,"5":0,"6":1,"7":1,"8":0,"9":0},"f":{"0":0,"1":1,"2":0},"b":{},"_coverageSchema":"1a1c01bbd47fc00a2c39e90264f33305004495a9","hash":"173ad1e78da152c2242bc62da1f1723f62c1acf0"}
,"/Users/rafael/projetos/pessoal/gb-fullstack-interview/api/services/transfer.js": {"path":"/Users/rafael/projetos/pessoal/gb-fullstack-interview/api/services/transfer.js","statementMap":{"0":{"start":{"line":1,"column":16},"end":{"line":1,"column":46}},"1":{"start":{"line":2,"column":19},"end":{"line":2,"column":51}},"2":{"start":{"line":4,"column":21},"end":{"line":4,"column":33}},"3":{"start":{"line":6,"column":0},"end":{"line":27,"column":1}},"4":{"start":{"line":8,"column":24},"end":{"line":21,"column":5}},"5":{"start":{"line":23,"column":21},"end":{"line":23,"column":70}},"6":{"start":{"line":25,"column":4},"end":{"line":25,"column":35}}},"fnMap":{"0":{"name":"(anonymous_0)","decl":{"start":{"line":7,"column":8},"end":{"line":7,"column":9}},"loc":{"start":{"line":7,"column":24},"end":{"line":26,"column":3}},"line":7}},"branchMap":{},"s":{"0":1,"1":1,"2":1,"3":1,"4":1,"5":1,"6":1},"f":{"0":1},"b":{},"_coverageSchema":"1a1c01bbd47fc00a2c39e90264f33305004495a9","hash":"c1543cfc9562687e4f3666622b8dc14211ae1e6c"}
,"/Users/rafael/projetos/pessoal/gb-fullstack-interview/api/utils/apiwrapper.js": {"path":"/Users/rafael/projetos/pessoal/gb-fullstack-interview/api/utils/apiwrapper.js","statementMap":{"0":{"start":{"line":1,"column":0},"end":{"line":33,"column":1}},"1":{"start":{"line":3,"column":19},"end":{"line":3,"column":39}},"2":{"start":{"line":5,"column":4},"end":{"line":5,"column":14}},"3":{"start":{"line":9,"column":4},"end":{"line":15,"column":5}},"4":{"start":{"line":19,"column":4},"end":{"line":19,"column":23}},"5":{"start":{"line":21,"column":4},"end":{"line":26,"column":5}},"6":{"start":{"line":22,"column":6},"end":{"line":25,"column":7}},"7":{"start":{"line":28,"column":4},"end":{"line":31,"column":6}}},"fnMap":{"0":{"name":"(anonymous_0)","decl":{"start":{"line":2,"column":9},"end":{"line":2,"column":10}},"loc":{"start":{"line":2,"column":20},"end":{"line":6,"column":3}},"line":2},"1":{"name":"(anonymous_1)","decl":{"start":{"line":8,"column":17},"end":{"line":8,"column":18}},"loc":{"start":{"line":8,"column":26},"end":{"line":16,"column":3}},"line":8},"2":{"name":"(anonymous_2)","decl":{"start":{"line":18,"column":15},"end":{"line":18,"column":16}},"loc":{"start":{"line":18,"column":26},"end":{"line":32,"column":3}},"line":18}},"branchMap":{"0":{"loc":{"start":{"line":21,"column":4},"end":{"line":26,"column":5}},"type":"if","locations":[{"start":{"line":21,"column":4},"end":{"line":26,"column":5}},{"start":{"line":21,"column":4},"end":{"line":26,"column":5}}],"line":21}},"s":{"0":3,"1":0,"2":0,"3":3,"4":4,"5":4,"6":4,"7":0},"f":{"0":0,"1":3,"2":4},"b":{"0":[4,0]},"_coverageSchema":"1a1c01bbd47fc00a2c39e90264f33305004495a9","hash":"f9f2b324961c06b2e5cf512e5867aca288a719e5"}
,"/Users/rafael/projetos/pessoal/gb-fullstack-interview/api/utils/dwollaClient.js": {"path":"/Users/rafael/projetos/pessoal/gb-fullstack-interview/api/utils/dwollaClient.js","statementMap":{"0":{"start":{"line":1,"column":19},"end":{"line":1,"column":39}},"1":{"start":{"line":3,"column":0},"end":{"line":7,"column":3}}},"fnMap":{},"branchMap":{},"s":{"0":3,"1":3},"f":{},"b":{},"_coverageSchema":"1a1c01bbd47fc00a2c39e90264f33305004495a9","hash":"0ae0b9c32f7e4d3ebee0a2194b6d3b47562091ea"}
}
