TN:
SF:controllers/accounts.js
FN:5,(anonymous_0)
FNF:1
FNH:1
FNDA:1,(anonymous_0)
DA:1,1
DA:2,1
DA:3,1
DA:5,1
DA:6,1
DA:8,1
DA:9,1
DA:11,0
LF:8
LH:7
BRF:0
BRH:0
end_of_record
TN:
SF:controllers/customers.js
FN:13,(anonymous_0)
FN:26,(anonymous_1)
FN:36,(anonymous_2)
FNF:3
FNH:3
FNDA:1,(anonymous_0)
FNDA:1,(anonymous_1)
FNDA:1,(anonymous_2)
DA:1,1
DA:3,1
DA:4,1
DA:5,1
DA:7,1
DA:13,1
DA:14,1
DA:16,1
DA:17,1
DA:19,0
DA:20,0
DA:22,1
DA:26,1
DA:27,1
DA:29,1
DA:30,1
DA:32,0
DA:36,1
DA:37,1
DA:39,1
DA:40,1
DA:42,0
DA:43,0
DA:45,1
LF:24
LH:19
BRF:0
BRH:0
end_of_record
TN:
SF:controllers/transfer.js
FN:17,(anonymous_0)
FNF:1
FNH:1
FNDA:3,(anonymous_0)
DA:1,1
DA:3,1
DA:4,1
DA:5,1
DA:7,1
DA:9,1
DA:17,1
DA:18,3
DA:20,3
DA:21,3
DA:22,1
DA:24,1
DA:26,2
LF:13
LH:13
BRDA:22,0,0,1
BRDA:22,0,1,0
BRF:2
BRH:1
end_of_record
TN:
SF:services/accounts.js
FN:8,(anonymous_0)
FNF:1
FNH:1
FNDA:1,(anonymous_0)
DA:1,1
DA:2,1
DA:4,1
DA:5,1
DA:7,1
DA:9,1
DA:10,1
LF:7
LH:7
BRF:0
BRH:0
end_of_record
TN:
SF:services/customers.js
FN:7,(anonymous_0)
FN:11,(anonymous_1)
FN:15,(anonymous_2)
FNF:3
FNH:1
FNDA:0,(anonymous_0)
FNDA:1,(anonymous_1)
FNDA:0,(anonymous_2)
DA:1,1
DA:2,1
DA:4,1
DA:6,1
DA:8,0
DA:9,0
DA:12,1
DA:13,1
DA:16,0
DA:18,0
LF:10
LH:6
BRF:0
BRH:0
end_of_record
TN:
SF:services/transfer.js
FN:7,(anonymous_0)
FNF:1
FNH:1
FNDA:1,(anonymous_0)
DA:1,1
DA:2,1
DA:4,1
DA:6,1
DA:8,1
DA:23,1
DA:25,1
LF:7
LH:7
BRF:0
BRH:0
end_of_record
TN:
SF:utils/apiwrapper.js
FN:2,(anonymous_0)
FN:8,(anonymous_1)
FN:18,(anonymous_2)
FNF:3
FNH:2
FNDA:0,(anonymous_0)
FNDA:3,(anonymous_1)
FNDA:4,(anonymous_2)
DA:1,3
DA:3,0
DA:5,0
DA:9,3
DA:19,4
DA:21,4
DA:22,4
DA:28,0
LF:8
LH:5
BRDA:21,0,0,4
BRDA:21,0,1,0
BRF:2
BRH:1
end_of_record
TN:
SF:utils/dwollaClient.js
FNF:0
FNH:0
DA:1,3
DA:3,3
LF:2
LH:2
BRF:0
BRH:0
end_of_record
